Activities/Acitivities_Toolbar/Acitivities_Toolbar_GDv5/Acitivities_Toolbar_GD/app/build/intermediates/manifest_merge_blame_file/debug/manifest-merger-blame-debug-report.txt
1<?xml version="1.0" encoding="utf-8"?>
2<manifest xmlns:android="http://schemas.android.com/apk/res/android"
3    package="com.example.class21092022"
4    android:versionCode="1"
5    android:versionName="1.0" >
6
7    <uses-sdk
8        android:minSdkVersion="21"
8-->src/main/AndroidManifest.xml
9        android:targetSdkVersion="32" />
9-->src/main/AndroidManifest.xml
10
11    <application
11-->src/main/AndroidManifest.xml:6:5-50:19
12        android:name="com.example.class21092022.GlobalData"
12-->src/main/AndroidManifest.xml:7:9-35
13        android:allowBackup="true"
13-->src/main/AndroidManifest.xml:8:9-35
14        android:appComponentFactory="androidx.core.app.CoreComponentFactory"
14-->[androidx.core:core:1.8.0] AndroidManifest.xml:24:18-86
15        android:dataExtractionRules="@xml/data_extraction_rules"
15-->src/main/AndroidManifest.xml:9:9-65
16        android:debuggable="true"
17        android:fullBackupContent="@xml/backup_rules"
17-->src/main/AndroidManifest.xml:10:9-54
18        android:icon="@mipmap/ic_launcher"
18-->src/main/AndroidManifest.xml:11:9-43
19        android:label="@string/app_name"
19-->src/main/AndroidManifest.xml:12:9-41
20        android:roundIcon="@mipmap/ic_launcher_round"
20-->src/main/AndroidManifest.xml:13:9-54
21        android:supportsRtl="true"
21-->src/main/AndroidManifest.xml:14:9-35
22        android:testOnly="true"
23        android:theme="@style/Theme.Class21092022" >
23-->src/main/AndroidManifest.xml:15:9-51
24        <activity
24-->src/main/AndroidManifest.xml:17:9-19:47
25            android:name="com.example.class21092022.ConfigActivity"
25-->src/main/AndroidManifest.xml:17:19-49
26            android:label="ConfigActivity"
26-->src/main/AndroidManifest.xml:18:13-43
27            android:theme="@style/HelpTheme" />
27-->src/main/AndroidManifest.xml:19:13-45
28        <activity
28-->src/main/AndroidManifest.xml:20:9-22:47
29            android:name="com.example.class21092022.MoneyActivity"
29-->src/main/AndroidManifest.xml:20:19-48
30            android:label="MoneyPocket"
30-->src/main/AndroidManifest.xml:21:13-40
31            android:theme="@style/HelpTheme" />
31-->src/main/AndroidManifest.xml:22:13-45
32        <activity
32-->src/main/AndroidManifest.xml:23:9-25:47
33            android:name="com.example.class21092022.Saldo"
33-->src/main/AndroidManifest.xml:23:19-40
34            android:exported="false"
34-->src/main/AndroidManifest.xml:24:13-37
35            android:theme="@style/HelpTheme" />
35-->src/main/AndroidManifest.xml:25:13-45
36        <activity
36-->src/main/AndroidManifest.xml:26:9-28:47
37            android:name="com.example.class21092022.Deposit"
37-->src/main/AndroidManifest.xml:26:19-42
38            android:label="DepositActivity"
38-->src/main/AndroidManifest.xml:27:13-44
39            android:theme="@style/HelpTheme" />
39-->src/main/AndroidManifest.xml:28:13-45
40        <activity
40-->src/main/AndroidManifest.xml:29:9-31:47
41            android:name="com.example.class21092022.Withdrawals"
41-->src/main/AndroidManifest.xml:29:19-46
42            android:label="WithdrawalActivity"
42-->src/main/AndroidManifest.xml:30:13-47
43            android:theme="@style/HelpTheme" />
43-->src/main/AndroidManifest.xml:31:13-45
44        <activity
44-->src/main/AndroidManifest.xml:32:9-34:47
45            android:name="com.example.class21092022.EmailActivity"
45-->src/main/AndroidManifest.xml:32:19-48
46            android:label="Email"
46-->src/main/AndroidManifest.xml:33:13-34
47            android:theme="@style/HelpTheme" />
47-->src/main/AndroidManifest.xml:34:13-45
48        <activity
48-->src/main/AndroidManifest.xml:35:9-37:47
49            android:name="com.example.class21092022.AyudaActivity"
49-->src/main/AndroidManifest.xml:35:19-48
50            android:label="Ayuda"
50-->src/main/AndroidManifest.xml:36:13-34
51            android:theme="@style/HelpTheme" />
51-->src/main/AndroidManifest.xml:37:13-45
52        <activity
52-->src/main/AndroidManifest.xml:38:9-40:47
53            android:name="com.example.class21092022.FavoritosActivity"
53-->src/main/AndroidManifest.xml:38:19-52
54            android:label="Favoritos"
54-->src/main/AndroidManifest.xml:39:13-38
55            android:theme="@style/HelpTheme" />
55-->src/main/AndroidManifest.xml:40:13-45
56        <activity
56-->src/main/AndroidManifest.xml:41:9-49:20
57            android:name="com.example.class21092022.MainActivity"
57-->src/main/AndroidManifest.xml:42:13-41
58            android:exported="true" >
58-->src/main/AndroidManifest.xml:43:13-36
59            <intent-filter>
59-->src/main/AndroidManifest.xml:44:13-48:29
60                <action android:name="android.intent.action.MAIN" />
60-->src/main/AndroidManifest.xml:45:17-69
60-->src/main/AndroidManifest.xml:45:25-66
61
62                <category android:name="android.intent.category.LAUNCHER" />
62-->src/main/AndroidManifest.xml:47:17-77
62-->src/main/AndroidManifest.xml:47:27-74
63            </intent-filter>
64        </activity>
65
66        <provider
66-->[androidx.emoji2:emoji2:1.2.0] AndroidManifest.xml:24:9-32:20
67            android:name="androidx.startup.InitializationProvider"
67-->[androidx.emoji2:emoji2:1.2.0] AndroidManifest.xml:25:13-67
68            android:authorities="com.example.class21092022.androidx-startup"
68-->[androidx.emoji2:emoji2:1.2.0] AndroidManifest.xml:26:13-68
69            android:exported="false" >
69-->[androidx.emoji2:emoji2:1.2.0] AndroidManifest.xml:27:13-37
70            <meta-data
70-->[androidx.emoji2:emoji2:1.2.0] AndroidManifest.xml:29:13-31:52
71                android:name="androidx.emoji2.text.EmojiCompatInitializer"
71-->[androidx.emoji2:emoji2:1.2.0] AndroidManifest.xml:30:17-75
72                android:value="androidx.startup" />
72-->[androidx.emoji2:emoji2:1.2.0] AndroidManifest.xml:31:17-49
73            <meta-data
73-->[androidx.lifecycle:lifecycle-process:2.4.1] AndroidManifest.xml:31:13-33:52
74                android:name="androidx.lifecycle.ProcessLifecycleInitializer"
74-->[androidx.lifecycle:lifecycle-process:2.4.1] AndroidManifest.xml:32:17-78
75                android:value="androidx.startup" />
75-->[androidx.lifecycle:lifecycle-process:2.4.1] AndroidManifest.xml:33:17-49
76        </provider>
77    </application>
78
79</manifest>